boot: init_c
[BOOT] Install boot page table
[BOOT] Enable el1 MMU
[BOOT] Jump to kernel main
[INFO] [ChCore] lock init finished
[2J[INFO] [ChCore] uart init finished
[INFO] physmem_map: [0x1d0000, 0x3d000000)
[INFO] [ChCore] mm init finished
[INFO] [ChCore] interrupt init finished
[INFO] [ChCore] pmu init finished
[INFO] [ChCore] sched init finished
[INFO] CPU 0 is active
[INFO] CPU 1 is active
[INFO] CPU 2 is active
[INFO] CPU 3 is active
[INFO] All 4 CPUs are active
[INFO] [ChCore] boot multicore finished
[INFO] Cap_create Pretest Ok!
[INFO] [ChCore] create initial thread done on 0
Hello from ChCore Process Manager!
test_tfs_load_image pass!
Testdir-test_dir2 Testdir-test_dir3 test_mkdir pass!
test_create err is 0
test_create pass!
test_read_write pass!
test_Run shell server !
unlink pass!
lab5_stdio_file_read_write pass!
lab5_stdio_file_printf_scanf pass!
abc123XYZ
SHELL lab5.bin helloworld.bin waitpid.bin waitpid_child.bin test.txt myfile.txt myfile2.txt 
SHELL 1234567890

1>Enter simpleline
2>lab5.binmpleline
helloworld.binne
waitpid.binbinne
waitpid_child.bin
test.txtchild.bin
myfile.txtild.bin
myfile2.txtld.bin
Hello World!

FSM lab5.bin helloworld.bin waitpid.bin waitpid_child.bin test.txt myfile.txt myfile2.txt fakefs 
FSM test.txt hello.txt world.txt testdir testdir2 
FSM test file!
FSM 1234567890

The shell_test finish!

$ QEMU: Terminated
